17:51:25 255699 1
17:51:26 255699 2
17:51:27 255699 3
17:51:25 255697 1
17:51:28 255699 4
17:51:25 255694 1
17:51:29 255699 5
17:51:30 255699 6
17:51:31 255699 7
17:51:25 255698 1
17:51:29 255697 2
17:51:32 255699 8
17:51:33 255699 9
17:51:30 255694 2
17:51:34 255699 10
17:51:35 255699 11
17:51:33 255697 3
17:51:25 255700 1
17:51:35 255694 3
17:51:33 255698 2
17:51:37 255697 4
17:51:40 255694 4
17:51:41 255697 5
17:51:41 255698 3
17:51:45 255697 6
17:51:45 255694 5
17:51:38 255700 2
17:51:49 255697 7
17:51:50 255694 6
17:51:49 255698 4
17:51:53 255697 8
17:51:55 255694 7
17:51:57 255697 9
17:51:51 255700 3
17:51:57 255698 5
17:52:00 255694 8
17:52:05 255694 9
17:52:05 255698 6
17:52:04 255700 4
17:52:13 255698 7
17:52:21 255698 8
17:52:17 255700 5
17:52:29 255698 9
19:07:09 286808 1
19:07:09 286807 1
19:07:09 286797 1
19:07:10 286807 2
19:07:10 286808 2
19:07:10 286797 2
19:07:11 286807 3
19:07:11 286808 3
19:07:11 286797 3
19:07:09 286791 1
19:07:09 286805 1
19:07:09 286798 1
19:07:12 286807 4
19:07:12 286808 4
19:07:12 286797 4
19:07:09 286787 1
19:07:13 286807 5
19:07:13 286808 5
19:07:13 286797 5
19:07:14 286807 6
19:07:14 286808 6
19:07:14 286797 6
19:07:15 286807 7
19:07:15 286808 7
19:07:15 286797 7
19:07:09 286789 1
19:07:09 286803 1
19:07:13 286791 2
19:07:13 286805 2
19:07:13 286798 2
19:07:16 286807 8
19:07:16 286808 8
19:07:16 286797 8
19:07:17 286807 9
19:07:17 286808 9
19:07:17 286797 9
19:07:14 286787 2
19:07:18 286807 10
19:07:18 286808 10
19:07:18 286797 10
19:07:19 286807 11
19:07:19 286808 11
19:07:19 286797 11
19:07:17 286791 3
19:07:17 286805 3
19:07:17 286798 3
19:07:09 286795 1
19:07:09 286806 1
19:07:09 286804 1
19:07:19 286787 3
19:07:17 286789 2
19:07:17 286803 2
19:07:21 286791 4
19:07:21 286805 4
19:07:21 286798 4
19:07:24 286787 4
19:07:25 286791 5
19:07:25 286805 5
19:07:25 286798 5
19:07:25 286789 3
19:07:25 286803 3
19:07:29 286791 6
19:07:29 286805 6
19:07:29 286798 6
19:07:29 286787 5
19:07:22 286795 2
19:07:22 286804 2
19:07:22 286806 2
19:07:33 286791 7
19:07:33 286805 7
19:07:33 286798 7
19:07:34 286787 6
19:07:33 286789 4
19:07:33 286803 4
19:07:37 286791 8
19:07:37 286805 8
19:07:37 286798 8
19:07:39 286787 7
19:07:41 286791 9
19:07:41 286805 9
19:07:41 286798 9
19:07:35 286795 3
19:07:35 286804 3
19:07:35 286806 3
19:07:41 286789 5
19:07:41 286803 5
19:07:44 286787 8
19:07:49 286787 9
19:07:49 286789 6
19:07:49 286803 6
19:07:48 286795 4
19:07:48 286804 4
19:07:48 286806 4
19:07:57 286789 7
19:07:57 286803 7
19:08:05 286789 8
19:08:05 286803 8
19:08:01 286795 5
19:08:01 286804 5
19:08:01 286806 5
19:08:13 286789 9
19:08:13 286803 9
19:10:04 287004 1
19:10:04 287003 1
19:10:04 287013 1
19:10:04 287012 1
19:10:05 287004 2
19:10:05 287003 2
19:10:05 287012 2
19:10:05 287013 2
19:10:06 287004 3
19:10:06 287003 3
19:10:06 287012 3
19:10:06 287013 3
19:10:04 286989 1
19:10:04 286998 1
19:10:07 287004 4
19:10:07 287003 4
19:10:07 287012 4
19:10:07 287013 4
19:10:04 286983 1
19:10:04 286992 1
19:10:04 287014 1
19:10:08 287004 5
19:10:08 287003 5
19:10:08 287012 5
19:10:08 287013 5
19:10:09 287004 6
19:10:09 287003 6
19:10:09 287012 6
19:10:09 287013 6
19:10:10 287004 7
19:10:10 287003 7
19:10:10 287012 7
19:10:10 287013 7
19:10:04 286985 1
19:10:04 287001 1
19:10:04 287011 1
19:10:08 286989 2
19:10:04 287015 1
19:10:08 286998 2
19:10:11 287004 8
19:10:11 287003 8
19:10:11 287012 8
19:10:11 287013 8
19:10:12 287004 9
19:10:12 287012 9
19:10:12 287003 9
19:10:12 287013 9
19:10:09 286983 2
19:10:09 286992 2
19:10:09 287014 2
19:10:13 287004 10
19:10:13 287012 10
19:10:13 287003 10
19:10:13 287013 10
19:10:14 287004 11
19:10:14 287012 11
19:10:14 287003 11
19:10:14 287013 11
19:10:12 286989 3
19:10:12 286998 3
19:10:04 286987 1
19:10:04 287008 1
19:10:04 287005 1
19:10:04 287006 1
19:10:14 286983 3
19:10:14 286992 3
19:10:14 287014 3
19:10:12 286985 2
19:10:12 287001 2
19:10:12 287011 2
19:10:12 287015 2
19:10:16 286989 4
19:10:16 286998 4
19:10:19 286983 4
19:10:19 286992 4
19:10:19 287014 4
19:10:20 286989 5
19:10:20 286998 5
19:10:20 286985 3
19:10:20 287001 3
19:10:20 287011 3
19:10:20 287015 3
19:10:24 286989 6
19:10:24 286998 6
19:10:24 286983 5
19:10:24 286992 5
19:10:24 287014 5
19:10:17 286987 2
19:10:17 287008 2
19:10:17 287005 2
19:10:17 287006 2
19:10:28 286989 7
19:10:28 286998 7
19:10:29 286983 6
19:10:29 286992 6
19:10:29 287014 6
19:10:28 286985 4
19:10:28 287001 4
19:10:28 287011 4
19:10:28 287015 4
19:10:32 286989 8
19:10:32 286998 8
19:10:34 286983 7
19:10:34 286992 7
19:10:34 287014 7
19:10:36 286989 9
19:10:36 286998 9
19:10:30 286987 3
19:10:30 287008 3
19:10:30 287005 3
19:10:30 287006 3
19:10:36 286985 5
19:10:36 287001 5
19:10:36 287011 5
19:10:39 286983 8
19:10:36 287015 5
19:10:39 287014 8
19:10:39 286992 8
19:10:44 286983 9
19:10:44 287014 9
19:10:44 286992 9
19:10:44 286985 6
19:10:44 287001 6
19:10:44 287011 6
19:10:44 287015 6
19:10:43 286987 4
19:10:43 287008 4
19:10:43 287005 4
19:10:43 287006 4
19:10:52 286985 7
19:10:52 287001 7
19:10:52 287011 7
19:10:52 287015 7
19:11:00 286985 8
19:11:00 287001 8
19:11:00 287011 8
19:11:00 287015 8
19:10:56 286987 5
19:10:56 287008 5
19:10:56 287005 5
19:10:56 287006 5
19:11:08 286985 9
19:11:08 287001 9
19:11:08 287011 9
19:11:08 287015 9
19:13:07 287283 1
19:13:07 287292 1
19:13:07 287293 1
19:13:08 287283 2
19:13:08 287292 2
19:13:08 287293 2
19:13:09 287283 3
19:13:09 287292 3
19:13:09 287293 3
19:13:07 287280 1
19:13:07 287290 1
19:13:10 287283 4
19:13:10 287292 4
19:13:10 287293 4
19:13:07 287276 1
19:13:11 287283 5
19:13:11 287292 5
19:13:11 287293 5
19:13:12 287283 6
19:13:12 287292 6
19:13:12 287293 6
19:13:13 287283 7
19:13:13 287292 7
19:13:13 287293 7
19:13:07 287278 1
19:13:07 287285 1
19:13:11 287280 2
19:13:11 287290 2
19:13:14 287283 8
19:13:14 287292 8
19:13:14 287293 8
19:13:15 287283 9
19:13:15 287292 9
19:13:15 287293 9
19:13:12 287276 2
19:13:16 287283 10
19:13:16 287292 10
19:13:16 287293 10
19:13:17 287283 11
19:13:17 287292 11
19:13:17 287293 11
19:13:15 287280 3
19:13:15 287290 3
19:13:07 287281 1
19:13:07 287291 1
19:13:17 287276 3
19:13:15 287278 2
19:13:15 287285 2
19:13:19 287280 4
19:13:19 287290 4
19:13:22 287276 4
19:13:23 287280 5
19:13:23 287290 5
19:13:23 287278 3
19:13:23 287285 3
19:13:27 287280 6
19:13:27 287290 6
19:13:27 287276 5
19:13:20 287281 2
19:13:20 287291 2
19:13:31 287280 7
19:13:31 287290 7
19:13:32 287276 6
19:13:31 287278 4
19:13:31 287285 4
19:13:35 287280 8
19:13:35 287290 8
19:13:37 287276 7
19:13:39 287280 9
19:13:39 287290 9
19:13:33 287281 3
19:13:33 287291 3
19:13:39 287278 5
19:13:39 287285 5
19:13:42 287276 8
19:13:47 287276 9
19:13:47 287278 6
19:13:47 287285 6
19:13:46 287281 4
19:13:46 287291 4
19:13:55 287278 7
19:13:55 287285 7
19:14:03 287278 8
19:14:03 287285 8
19:13:59 287281 5
19:13:59 287291 5
19:14:11 287278 9
19:14:11 287285 9
04:46:44 17719
04:46:44 17728
04:46:44 17720
04:46:44 17731
04:46:44 17727
04:46:45 17719
04:46:45 17728
04:46:45 17720
04:46:45 17731
04:46:45 17727
04:46:46 17719
04:46:46 17728
04:46:46 17720
04:46:46 17731
04:46:46 17727
04:46:44 17709
04:46:44 17716
04:46:44 17717
04:46:47 17719
04:46:47 17728
04:46:47 17720
04:46:47 17731
04:46:47 17727
04:46:44 17707
04:46:48 17719
04:46:48 17728
04:46:48 17720
04:46:48 17731
04:46:48 17727
04:46:49 17719
04:46:49 17728
04:46:49 17720
04:46:49 17731
04:46:49 17727
04:46:50 17719
04:46:50 17728
04:46:50 17720
04:46:50 17731
04:46:50 17727
04:46:44 17705
04:46:48 17709
04:46:48 17716
04:46:48 17717
04:46:51 17719
04:46:51 17728
04:46:51 17720
04:46:51 17731
04:46:51 17727
04:46:52 17719
04:46:52 17728
04:46:52 17720
04:46:52 17731
04:46:52 17727
04:46:49 17707
04:46:53 17719
04:46:53 17728
04:46:53 17720
04:46:53 17731
04:46:53 17727
04:46:54 17719
04:46:54 17728
04:46:54 17720
04:46:54 17731
04:46:54 17727
04:46:52 17709
04:46:52 17716
04:46:52 17717
04:46:44 17711
04:46:44 17725
04:46:44 17726
04:46:44 17729
04:46:44 17730
04:46:54 17707
04:46:52 17705
04:46:56 17709
04:46:56 17716
04:46:56 17717
04:46:59 17707
04:47:00 17709
04:47:00 17716
04:47:00 17717
04:47:00 17705
04:47:04 17709
04:47:04 17716
04:47:04 17717
04:47:04 17707
04:46:57 17711
04:46:57 17725
04:46:57 17729
04:46:57 17726
04:46:57 17730
04:47:08 17709
04:47:08 17716
04:47:08 17717
04:47:09 17707
04:47:08 17705
04:47:12 17709
04:47:12 17716
04:47:12 17717
04:47:14 17707
04:47:16 17709
04:47:16 17716
04:47:16 17717
04:47:10 17711
04:47:10 17725
04:47:10 17729
04:47:10 17726
04:47:10 17730
04:47:16 17705
04:47:19 17707
04:47:24 17707
04:47:24 17705
04:47:23 17711
04:47:23 17725
04:47:23 17729
04:47:23 17726
04:47:23 17730
04:47:32 17705
04:47:40 17705
04:47:36 17711
04:47:36 17725
04:47:36 17729
04:47:36 17726
04:47:36 17730
04:47:48 17705
05:06:16 18298
05:06:16 18314
05:06:16 18307
05:06:16 18315
05:06:17 18298
05:06:17 18314
05:06:17 18315
05:06:17 18307
05:06:18 18298
05:06:18 18314
05:06:18 18315
05:06:18 18307
05:06:16 18294
05:06:16 18302
05:06:16 18313
05:06:19 18298
05:06:19 18314
05:06:19 18315
05:06:19 18307
05:06:16 18290
05:06:20 18298
05:06:20 18314
05:06:20 18315
05:06:20 18307
05:06:21 18298
05:06:21 18314
05:06:21 18315
05:06:21 18307
05:06:22 18298
05:06:22 18314
05:06:22 18315
05:06:22 18307
05:06:16 18292
05:06:16 18305
05:06:20 18294
05:06:20 18302
05:06:20 18313
05:06:23 18298
05:06:23 18314
05:06:23 18315
05:06:23 18307
05:06:24 18298
05:06:24 18314
05:06:24 18315
05:06:24 18307
05:06:21 18290
05:06:25 18298
05:06:25 18314
05:06:25 18315
05:06:25 18307
05:06:26 18298
05:06:26 18314
05:06:26 18315
05:06:26 18307
05:06:24 18294
05:06:24 18302
05:06:24 18313
05:06:16 18299
05:06:16 18311
05:06:16 18309
05:06:16 18312
05:06:26 18290
05:06:24 18292
05:06:24 18305
05:06:28 18294
05:06:28 18302
05:06:28 18313
05:06:31 18290
05:06:32 18294
05:06:32 18302
05:06:32 18313
05:06:32 18292
05:06:32 18305
05:06:36 18294
05:06:36 18302
05:06:36 18313
05:06:36 18290
05:06:29 18299
05:06:29 18311
05:06:29 18309
05:06:29 18312
05:06:40 18294
05:06:40 18302
05:06:40 18313
05:06:41 18290
05:06:40 18292
05:06:40 18305
05:06:44 18294
05:06:44 18302
05:06:44 18313
05:06:46 18290
05:06:48 18294
05:06:48 18302
05:06:48 18313
05:06:42 18299
05:06:42 18311
05:06:42 18309
05:06:42 18312
05:06:48 18292
05:06:48 18305
05:06:51 18290
05:06:56 18290
05:06:56 18292
05:06:56 18305
05:06:55 18299
05:06:55 18311
05:06:55 18309
05:06:55 18312
05:07:04 18292
05:07:04 18305
05:07:12 18292
05:07:12 18305
05:07:08 18299
05:07:08 18311
05:07:08 18309
05:07:08 18312
05:07:20 18292
05:07:20 18305
05:07:46 18381
05:07:46 18393
05:07:46 18397
05:07:47 18381
05:07:47 18393
05:07:47 18397
05:07:48 18381
05:07:48 18393
05:07:48 18397
05:07:46 18377
05:07:46 18396
05:07:46 18391
05:07:49 18381
05:07:49 18393
05:07:49 18397
05:07:46 18375
05:07:46 18395
05:07:50 18381
05:07:50 18393
05:07:50 18397
05:07:51 18381
05:07:51 18393
05:07:51 18397
05:07:52 18381
05:07:52 18393
05:07:52 18397
05:07:46 18379
05:07:46 18399
05:07:50 18377
05:07:46 18394
05:07:50 18396
05:07:50 18391
05:07:53 18381
05:07:53 18393
05:07:53 18397
05:07:54 18381
05:07:54 18393
05:07:54 18397
05:07:51 18375
05:07:51 18395
05:07:55 18381
05:07:55 18393
05:07:55 18397
05:07:56 18381
05:07:56 18393
05:07:56 18397
05:07:54 18377
05:07:54 18396
05:07:54 18391
05:07:46 18392
05:07:46 18390
05:07:46 18398
05:07:56 18375
05:07:56 18395
05:07:54 18379
05:07:54 18399
05:07:54 18394
05:07:58 18377
05:07:58 18396
05:07:58 18391
05:08:01 18375
05:08:01 18395
05:08:02 18377
05:08:02 18396
05:08:02 18391
05:08:02 18379
05:08:02 18399
05:08:02 18394
05:08:06 18377
05:08:06 18396
05:08:06 18391
05:08:06 18375
05:08:06 18395
05:07:59 18392
05:07:59 18390
05:07:59 18398
05:08:10 18377
05:08:10 18396
05:08:10 18391
05:08:11 18375
05:08:11 18395
05:08:10 18379
05:08:10 18399
05:08:10 18394
05:08:14 18377
05:08:14 18396
05:08:14 18391
05:08:16 18375
05:08:16 18395
05:08:18 18377
05:08:18 18396
05:08:18 18391
05:08:12 18392
05:08:12 18390
05:08:12 18398
05:08:18 18379
05:08:18 18399
05:08:18 18394
05:08:21 18375
05:08:21 18395
05:08:26 18375
05:08:26 18395
05:08:26 18379
05:08:26 18399
05:08:26 18394
05:08:25 18392
05:08:25 18390
05:08:25 18398
05:08:34 18379
05:08:34 18399
05:08:34 18394
05:08:42 18379
05:08:42 18399
05:08:42 18394
05:08:38 18392
05:08:38 18390
05:08:38 18398
05:08:50 18379
05:08:50 18399
05:08:50 18394
05:10:51 18525
05:10:51 18539
05:10:51 18540
05:10:52 18525
05:10:52 18539
05:10:52 18540
05:10:53 18525
05:10:53 18539
05:10:53 18540
05:10:51 18528
05:10:51 18534
05:10:51 18536
05:10:54 18525
05:10:54 18539
05:10:54 18540
05:10:51 18520
05:10:55 18525
05:10:55 18539
05:10:55 18540
05:10:56 18525
05:10:56 18539
05:10:56 18540
05:10:57 18525
05:10:57 18539
05:10:57 18540
05:10:51 18521
05:10:51 18535
05:10:55 18528
05:10:55 18534
05:10:55 18536
05:10:58 18525
05:10:58 18539
05:10:58 18540
05:10:59 18525
05:10:59 18539
05:10:59 18540
05:10:56 18520
05:11:00 18525
05:11:00 18539
05:11:00 18540
05:11:01 18525
05:11:01 18539
05:11:01 18540
05:10:59 18528
05:10:59 18534
05:10:59 18536
05:10:51 18526
05:10:51 18537
05:10:51 18538
05:11:01 18520
05:10:59 18521
05:10:59 18535
05:11:03 18528
05:11:03 18534
05:11:03 18536
05:11:06 18520
05:11:07 18528
05:11:07 18534
05:11:07 18536
05:11:07 18521
05:11:07 18535
05:11:11 18528
05:11:11 18534
05:11:11 18536
05:11:11 18520
05:11:04 18526
05:11:04 18537
05:11:04 18538
05:11:15 18528
05:11:15 18534
05:11:15 18536
05:11:16 18520
05:11:15 18521
05:11:15 18535
05:11:19 18528
05:11:19 18534
05:11:19 18536
05:11:21 18520
05:11:23 18528
05:11:23 18534
05:11:23 18536
05:11:17 18526
05:11:17 18537
05:11:17 18538
05:11:23 18521
05:11:23 18535
05:11:26 18520
05:11:31 18520
05:11:31 18521
05:11:31 18535
05:11:30 18526
05:11:30 18537
05:11:30 18538
05:11:39 18521
05:11:39 18535
05:11:47 18521
05:11:47 18535
05:11:43 18526
05:11:43 18537
05:11:43 18538
05:11:55 18521
05:11:55 18535
05:13:44 18732
05:13:44 18721
05:13:44 18713
05:13:44 18726
05:13:44 18740
05:13:45 18732
05:13:45 18721
05:13:45 18713
05:13:45 18726
05:13:45 18740
05:13:46 18732
05:13:46 18721
05:13:46 18713
05:13:46 18726
05:13:46 18740
05:13:44 18720
05:13:44 18708
05:13:44 18730
05:13:44 18741
05:13:44 18734
05:13:44 18724
05:13:47 18732
05:13:47 18721
05:13:47 18713
05:13:47 18726
05:13:47 18740
05:13:44 18704
05:13:48 18732
05:13:48 18721
05:13:48 18713
05:13:48 18726
05:13:48 18740
05:13:49 18732
05:13:49 18721
05:13:49 18713
05:13:49 18726
05:13:49 18740
05:13:50 18732
05:13:50 18721
05:13:50 18713
05:13:50 18726
05:13:50 18740
05:13:44 18707
05:13:44 18715
05:13:48 18720
05:13:48 18708
05:13:48 18730
05:13:48 18741
05:13:48 18734
05:13:48 18724
05:13:51 18732
05:13:51 18721
05:13:51 18713
05:13:51 18726
05:13:51 18740
05:13:52 18732
05:13:52 18721
05:13:52 18713
05:13:52 18726
05:13:52 18740
05:13:49 18704
05:13:53 18732
05:13:53 18721
05:13:53 18713
05:13:53 18726
05:13:53 18740
05:13:54 18732
05:13:54 18721
05:13:54 18713
05:13:54 18726
05:13:54 18740
05:13:52 18720
05:13:52 18708
05:13:52 18730
05:13:52 18741
05:13:52 18734
05:13:52 18724
05:13:44 18718
05:13:44 18710
05:13:44 18736
05:13:44 18727
05:13:54 18704
05:13:52 18707
05:13:52 18715
05:13:56 18720
05:13:56 18708
05:13:56 18730
05:13:56 18741
05:13:56 18734
05:13:56 18724
05:13:59 18704
05:14:00 18720
05:14:00 18708
05:14:00 18730
05:14:00 18741
05:14:00 18734
05:14:00 18724
05:14:00 18707
05:14:00 18715
05:14:04 18720
05:14:04 18708
05:14:04 18730
05:14:04 18741
05:14:04 18734
05:14:04 18724
05:14:04 18704
05:13:57 18718
05:13:57 18710
05:13:57 18736
05:13:57 18727
05:14:08 18720
05:14:08 18708
05:14:08 18730
05:14:08 18741
05:14:08 18734
05:14:08 18724
05:14:09 18704
05:14:08 18707
05:14:08 18715
05:14:12 18720
05:14:12 18708
05:14:12 18730
05:14:12 18741
05:14:12 18734
05:14:12 18724
05:14:14 18704
05:14:16 18720
05:14:16 18708
05:14:16 18730
05:14:16 18741
05:14:16 18734
05:14:16 18724
05:14:10 18718
05:14:10 18710
05:14:10 18736
05:14:10 18727
05:14:16 18707
05:14:16 18715
05:14:19 18704
05:14:24 18704
05:14:24 18707
05:14:24 18715
05:14:23 18718
05:14:23 18710
05:14:23 18736
05:14:23 18727
05:14:32 18707
05:14:32 18715
05:14:40 18707
05:14:40 18715
05:14:36 18718
05:14:36 18710
05:14:36 18736
05:14:36 18727
05:14:48 18707
05:14:48 18715
05:17:20 18893
05:17:20 18904
05:17:20 18905
05:17:20 18906
05:17:21 18893
05:17:21 18904
05:17:21 18905
05:17:21 18906
05:17:22 18893
05:17:22 18904
05:17:22 18905
05:17:22 18906
05:17:20 18894
05:17:20 18903
05:17:23 18893
05:17:23 18904
05:17:23 18905
05:17:23 18906
05:17:20 18887
05:17:24 18893
05:17:24 18904
05:17:24 18905
05:17:24 18906
05:17:25 18893
05:17:25 18904
05:17:25 18905
05:17:25 18906
05:17:26 18893
05:17:26 18904
05:17:26 18905
05:17:26 18906
05:17:20 18888
05:17:20 18901
05:17:24 18894
05:17:24 18903
05:17:27 18893
05:17:27 18904
05:17:27 18905
05:17:27 18906
05:17:28 18893
05:17:28 18904
05:17:28 18905
05:17:28 18906
05:17:25 18887
05:17:29 18893
05:17:29 18904
05:17:29 18905
05:17:29 18906
05:17:30 18893
05:17:30 18904
05:17:30 18905
05:17:30 18906
05:17:28 18894
05:17:28 18903
05:17:20 18897
05:17:20 18899
05:17:20 18907
05:17:30 18887
05:17:28 18888
05:17:28 18901
05:17:32 18894
05:17:32 18903
05:17:35 18887
05:17:36 18894
05:17:36 18903
05:17:36 18888
05:17:36 18901
05:17:40 18894
05:17:40 18903
05:17:40 18887
05:17:33 18897
05:17:33 18899
05:17:33 18907
05:17:44 18894
05:17:44 18903
05:17:45 18887
05:17:44 18888
05:17:44 18901
05:17:48 18894
05:17:48 18903
05:17:50 18887
05:17:52 18894
05:17:52 18903
05:17:46 18897
05:17:46 18899
05:17:46 18907
05:17:52 18888
05:17:52 18901
05:17:55 18887
05:18:00 18887
05:18:00 18888
05:18:00 18901
05:17:59 18897
05:17:59 18899
05:17:59 18907
05:18:08 18888
05:18:08 18901
05:18:16 18888
05:18:16 18901
05:18:12 18897
05:18:12 18899
05:18:12 18907
05:18:24 18888
05:18:24 18901
05:35:50 19494
05:35:50 19527
05:35:50 19522
05:35:50 19519
05:35:50 19530
05:35:51 19494
05:35:51 19527
05:35:51 19522
05:35:51 19519
05:35:51 19530
05:35:52 19494
05:35:52 19527
05:35:52 19522
05:35:52 19519
05:35:52 19530
05:35:50 19497
05:35:50 19521
05:35:50 19523
05:35:50 19501
05:35:50 19512
05:35:53 19494
05:35:53 19527
05:35:53 19522
05:35:53 19519
05:35:53 19530
05:35:50 19488
05:35:50 19509
05:35:50 19517
05:35:54 19494
05:35:54 19527
05:35:54 19522
05:35:54 19519
05:35:54 19530
05:35:55 19494
05:35:55 19527
05:35:55 19522
05:35:55 19519
05:35:55 19530
05:35:56 19494
05:35:56 19527
05:35:56 19522
05:35:56 19519
05:35:56 19530
05:35:50 19490
05:35:50 19526
05:35:50 19500
05:35:50 19528
05:35:54 19497
05:35:54 19521
05:35:54 19501
05:35:54 19512
05:35:54 19523
05:35:57 19494
05:35:57 19527
05:35:57 19522
05:35:57 19519
05:35:57 19530
05:35:58 19494
05:35:58 19527
05:35:58 19522
05:35:58 19519
05:35:58 19530
05:35:55 19488
05:35:55 19509
05:35:55 19517
05:35:59 19494
05:35:59 19527
05:35:59 19519
05:35:59 19522
05:35:59 19530
05:36:00 19494
05:36:00 19527
05:36:00 19519
05:36:00 19522
05:36:00 19530
05:35:58 19497
05:35:58 19521
05:35:58 19501
05:35:58 19512
05:35:58 19523
05:35:50 19496
05:35:50 19529
05:35:50 19502
05:35:50 19524
05:35:50 19525
05:36:02 19542
05:36:03 19542
05:36:00 19488
05:36:00 19509
05:36:00 19517
05:36:04 19542
05:35:58 19490
05:35:58 19500
05:35:58 19526
05:35:58 19528
05:36:02 19497
05:36:02 19521
05:36:02 19501
05:36:02 19512
05:36:02 19523
05:36:02 19539
05:36:05 19542
05:36:02 19536
05:36:06 19542
05:36:07 19542
05:36:08 19542
05:36:05 19488
05:36:05 19509
05:36:05 19517
05:36:06 19497
05:36:06 19521
05:36:06 19501
05:36:06 19512
05:36:06 19523
05:36:02 19537
05:36:06 19539
05:36:09 19542
05:36:10 19542
05:36:07 19536
05:36:11 19542
05:36:12 19542
05:36:06 19490
05:36:06 19500
05:36:06 19526
05:36:06 19528
05:36:10 19497
05:36:10 19521
05:36:10 19501
05:36:10 19512
05:36:10 19523
05:36:10 19539
05:36:10 19488
05:36:10 19509
05:36:10 19517
05:36:02 19541
05:36:03 19496
05:36:03 19529
05:36:03 19502
05:36:03 19524
05:36:03 19525
05:36:12 19536
05:36:14 19497
05:36:14 19521
05:36:14 19501
05:36:14 19512
05:36:14 19523
05:36:10 19537
05:36:14 19539
05:36:15 19488
05:36:15 19509
05:36:15 19517
05:36:14 19490
05:36:14 19500
05:36:14 19526
05:36:14 19528
05:36:18 19497
05:36:18 19521
05:36:18 19501
05:36:18 19512
05:36:18 19523
05:36:17 19536
05:36:18 19539
05:36:20 19488
05:36:20 19509
05:36:20 19517
05:36:22 19497
05:36:22 19521
05:36:22 19501
05:36:22 19512
05:36:22 19523
05:36:18 19537
05:36:22 19539
05:36:22 19536
05:36:15 19541
05:36:16 19496
05:36:16 19529
05:36:16 19502
05:36:16 19524
05:36:16 19525
05:36:22 19490
05:36:22 19500
05:36:22 19526
05:36:22 19528
05:36:25 19488
05:36:25 19509
05:36:25 19517
05:36:26 19539
05:36:27 19536
05:36:26 19537
05:36:30 19539
05:36:30 19488
05:36:30 19509
05:36:30 19517
05:36:46 19598
05:36:46 19619
05:36:46 19610
05:36:46 19615
05:36:47 19598
05:36:47 19619
05:36:47 19610
05:36:47 19615
05:36:48 19598
05:36:48 19619
05:36:48 19610
05:36:48 19615
05:36:46 19596
05:36:46 19605
05:36:46 19618
05:36:46 19617
05:36:49 19598
05:36:49 19619
05:36:49 19610
05:36:49 19615
05:36:46 19591
05:36:50 19598
05:36:50 19619
05:36:50 19610
05:36:50 19615
05:36:51 19598
05:36:51 19619
05:36:51 19610
05:36:51 19615
05:36:52 19598
05:36:52 19619
05:36:52 19610
05:36:52 19615
05:36:46 19593
05:36:46 19604
05:36:50 19596
05:36:46 19616
05:36:50 19605
05:36:50 19617
05:36:50 19618
05:36:53 19598
05:36:53 19610
05:36:53 19619
05:36:53 19615
05:36:54 19598
05:36:54 19610
05:36:54 19619
05:36:54 19615
05:36:51 19591
05:36:55 19598
05:36:55 19610
05:36:55 19619
05:36:55 19615
05:36:56 19598
05:36:56 19610
05:36:56 19619
05:36:56 19615
05:36:54 19596
05:36:54 19605
05:36:54 19617
05:36:54 19618
05:36:46 19600
05:36:46 19603
05:36:46 19620
05:36:46 19614
05:36:56 19591
05:36:54 19593
05:36:54 19604
05:36:58 19596
05:36:54 19616
05:36:58 19605
05:36:58 19617
05:36:58 19618
05:37:01 19591
05:37:02 19596
05:37:02 19605
05:37:02 19617
05:37:02 19618
05:37:02 19593
05:37:02 19604
05:37:02 19616
05:37:06 19596
05:37:06 19605
05:37:06 19617
05:37:06 19618
05:37:06 19591
05:36:59 19600
05:36:59 19603
05:36:59 19620
05:36:59 19614
05:37:10 19596
05:37:10 19605
05:37:10 19617
05:37:10 19618
05:37:11 19591
05:37:10 19593
05:37:10 19604
05:37:10 19616
05:37:14 19596
05:37:14 19605
05:37:14 19617
05:37:14 19618
05:37:16 19591
05:37:18 19596
05:37:18 19605
05:37:18 19617
05:37:18 19618
05:37:12 19600
05:37:12 19603
05:37:12 19620
05:37:12 19614
05:37:18 19593
05:37:18 19604
05:37:21 19591
05:37:18 19616
05:37:26 19591
05:37:26 19593
05:37:26 19604
05:37:26 19616
05:37:25 19600
05:37:25 19603
05:37:25 19620
05:37:25 19614
05:37:34 19593
05:37:34 19604
05:37:34 19616
05:37:42 19593
05:37:42 19604
05:37:42 19616
05:37:38 19600
05:37:38 19603
05:37:38 19620
05:37:38 19614
05:37:50 19593
05:37:50 19604
05:37:50 19616
05:54:43 20086
05:54:43 20108
05:54:43 20095
05:54:43 20097
05:54:43 20112
05:54:43 20113
05:54:44 20086
05:54:44 20108
05:54:44 20095
05:54:44 20097
05:54:44 20112
05:54:44 20113
05:54:45 20086
05:54:45 20108
05:54:45 20095
05:54:45 20097
05:54:45 20112
05:54:45 20113
05:54:43 20082
05:54:43 20096
05:54:43 20111
05:54:46 20086
05:54:46 20108
05:54:46 20095
05:54:46 20097
05:54:46 20112
05:54:46 20113
05:54:43 20079
05:54:43 20106
05:54:47 20086
05:54:47 20108
05:54:47 20095
05:54:47 20097
05:54:47 20112
05:54:47 20113
05:54:48 20086
05:54:48 20108
05:54:48 20095
05:54:48 20097
05:54:48 20112
05:54:48 20113
05:54:49 20086
05:54:49 20108
05:54:49 20095
05:54:49 20097
05:54:49 20112
05:54:49 20113
05:54:43 20080
05:54:43 20092
05:54:43 20110
05:54:47 20096
05:54:47 20082
05:54:47 20111
05:54:50 20086
05:54:50 20108
05:54:50 20095
05:54:50 20097
05:54:50 20112
05:54:50 20113
05:54:51 20086
05:54:51 20108
05:54:51 20095
05:54:51 20097
05:54:51 20112
05:54:51 20113
05:54:48 20079
05:54:48 20106
05:54:52 20086
05:54:52 20108
05:54:52 20095
05:54:52 20097
05:54:52 20112
05:54:52 20113
05:54:53 20086
05:54:53 20108
05:54:53 20095
05:54:53 20097
05:54:53 20112
05:54:53 20113
05:54:51 20096
05:54:51 20082
05:54:51 20111
05:54:43 20088
05:54:43 20091
05:54:43 20107
05:54:43 20098
05:54:43 20109
05:54:53 20079
05:54:53 20106
05:54:51 20080
05:54:51 20092
05:54:51 20110
05:54:55 20096
05:54:55 20082
05:54:55 20111
05:54:58 20079
05:54:58 20106
05:54:59 20096
05:54:59 20082
05:54:59 20111
05:54:59 20080
05:54:59 20092
05:54:59 20110
05:55:03 20096
05:55:03 20082
05:55:03 20111
05:55:03 20079
05:55:03 20106
05:54:56 20088
05:54:56 20091
05:54:56 20107
05:54:56 20098
05:54:56 20109
05:55:07 20096
05:55:07 20082
05:55:07 20111
05:55:08 20079
05:55:08 20106
05:55:07 20080
05:55:07 20092
05:55:07 20110
05:55:11 20096
05:55:11 20082
05:55:11 20111
05:55:13 20079
05:55:13 20106
05:55:15 20096
05:55:15 20082
05:55:15 20111
05:55:09 20088
05:55:09 20091
05:55:09 20107
05:55:09 20098
05:55:09 20109
05:55:15 20080
05:55:15 20092
05:55:15 20110
05:55:18 20079
05:55:18 20106
05:55:27 20136
05:55:27 20143
05:55:23 20079
05:55:23 20106
05:55:28 20136
05:55:28 20143
05:55:29 20136
05:55:29 20143
05:55:27 20132
05:55:27 20148
05:55:30 20136
05:55:30 20143
05:55:23 20080
05:55:23 20092
05:55:23 20110
05:55:27 20128
05:55:31 20136
05:55:31 20143
05:55:32 20136
05:55:32 20143
05:55:33 20136
05:55:33 20143
05:55:27 20130
05:55:27 20141
05:55:31 20132
05:55:31 20148
05:55:34 20136
05:55:34 20143
05:55:22 20088
05:55:22 20091
05:55:22 20107
05:55:22 20098
05:55:22 20109
05:55:35 20136
05:55:35 20143
05:55:32 20128
05:55:36 20136
05:55:36 20143
05:55:37 20136
05:55:37 20143
05:55:35 20132
05:55:35 20148
05:55:31 20080
05:55:31 20092
05:55:31 20110
05:55:27 20139
05:55:27 20146
05:55:45 20176
05:55:45 20203
05:55:45 20199
05:55:45 20190
05:55:45 20191
05:55:45 20198
05:55:45 20204
05:55:46 20176
05:55:46 20203
05:55:46 20190
05:55:46 20191
05:55:46 20199
05:55:46 20198
05:55:46 20204
05:55:47 20176
05:55:47 20203
05:55:47 20190
05:55:47 20191
05:55:47 20199
05:55:47 20198
05:55:47 20204
05:55:45 20172
05:55:45 20183
05:55:45 20186
05:55:45 20200
05:55:48 20176
05:55:48 20203
05:55:48 20190
05:55:48 20191
05:55:48 20199
05:55:48 20198
05:55:48 20204
05:55:45 20167
05:55:49 20176
05:55:49 20203
05:55:49 20190
05:55:49 20191
05:55:49 20199
05:55:49 20198
05:55:49 20204
05:55:50 20176
05:55:50 20203
05:55:50 20190
05:55:50 20191
05:55:50 20199
05:55:50 20198
05:55:50 20204
05:55:51 20176
05:55:51 20203
05:55:51 20190
05:55:51 20191
05:55:51 20199
05:55:51 20198
05:55:51 20204
05:55:45 20169
05:55:45 20178
05:55:49 20172
05:55:49 20183
05:55:49 20186
05:55:49 20200
05:55:52 20176
05:55:52 20203
05:55:52 20190
05:55:52 20191
05:55:52 20199
05:55:52 20198
05:55:52 20204
05:55:53 20176
05:55:53 20203
05:55:53 20190
05:55:53 20191
05:55:53 20199
05:55:53 20198
05:55:53 20204
05:55:50 20167
05:55:54 20176
05:55:54 20203
05:55:54 20190
05:55:54 20191
05:55:54 20199
05:55:54 20198
05:55:54 20204
05:55:55 20176
05:55:55 20203
05:55:55 20190
05:55:55 20191
05:55:55 20199
05:55:55 20198
05:55:55 20204
05:55:53 20172
05:55:53 20183
05:55:53 20186
05:55:53 20200
05:55:45 20175
05:55:45 20192
05:55:45 20196
05:55:45 20197
05:55:45 20202
05:55:45 20201
05:55:55 20167
05:55:53 20169
05:55:53 20178
05:55:57 20172
05:55:57 20183
05:55:57 20186
05:55:57 20200
05:56:00 20167
05:56:01 20172
05:56:01 20183
05:56:01 20186
05:56:01 20200
05:56:01 20169
05:56:01 20178
05:56:05 20172
05:56:05 20183
05:56:05 20186
05:56:05 20200
05:56:05 20167
05:55:58 20175
05:55:58 20192
05:55:58 20196
05:55:58 20197
05:55:58 20202
05:55:58 20201
05:56:09 20172
05:56:09 20183
05:56:09 20186
05:56:09 20200
05:56:10 20167
05:56:09 20169
05:56:09 20178
05:56:13 20172
05:56:13 20183
05:56:13 20186
05:56:13 20200
05:56:15 20167
05:56:17 20172
05:56:17 20183
05:56:17 20186
05:56:17 20200
05:56:11 20175
05:56:11 20192
05:56:11 20196
05:56:11 20197
05:56:11 20202
05:56:11 20201
05:56:17 20169
05:56:17 20178
05:56:20 20167
05:56:25 20167
05:56:25 20169
05:56:25 20178
05:56:24 20175
05:56:24 20192
05:56:24 20196
05:56:24 20197
05:56:24 20202
05:56:24 20201
05:56:33 20169
05:56:33 20178
05:56:41 20169
05:56:41 20178
05:56:37 20175
05:56:37 20192
05:56:37 20196
05:56:37 20197
05:56:37 20202
05:56:37 20201
05:56:49 20169
05:56:49 20178
18:00:00 Exiting runsim
18:00:00 Exiting runsim
18:00:00 Exiting runsim
18:00:00 Exiting runsim
18:00:00 Exiting runsim
18:00:00 Exiting runsim
05:58:26 20292
05:58:27 20292
05:58:28 20292
05:58:26 20289
05:58:29 20292
05:58:26 20286
05:58:30 20292
05:58:31 20292
05:58:32 20292
05:58:26 20287
05:58:30 20289
05:58:33 20292
05:58:34 20292
05:58:31 20286
05:58:35 20292
05:58:36 20292
05:58:34 20289
05:58:26 20291
05:58:36 20286
05:58:34 20287
05:58:38 20289
05:58:41 20286
05:58:42 20289
05:58:42 20287
05:58:46 20289
05:58:46 20286
05:58:39 20291
05:58:50 20289
05:58:51 20286
05:58:50 20287
05:58:54 20289
05:58:56 20286
05:58:58 20289
05:58:52 20291
05:58:58 20287
05:59:01 20286
05:59:06 20286
05:59:06 20287
05:59:05 20291
05:59:14 20287
05:59:22 20287
05:59:18 20291
05:59:30 20287
18:00:00 Exiting runsim
18:00:00 Exiting runsim
18:00:00 Exiting runsim
18:00:00 Exiting runsim
18:00:00 Exiting runsim
18:00:00 Exiting runsim
17:41:20 1358883
17:41:21 1358883
17:41:22 1358883
17:41:20 1358882
17:41:23 1358883
17:41:20 1358876
17:41:24 1358883
17:41:25 1358883
17:41:26 1358883
17:41:20 1358878
17:41:24 1358882
17:41:27 1358883
17:41:28 1358883
17:41:25 1358876
17:41:29 1358883
17:41:30 1358883
17:41:28 1358882
17:41:20 1358881
17:41:30 1358876
17:41:28 1358878
17:41:32 1358882
17:41:35 1358876
17:41:36 1358882
17:41:36 1358878
17:41:40 1358882
17:41:40 1358876
17:41:33 1358881
17:41:44 1358882
17:41:45 1358876
17:41:44 1358878
17:41:48 1358882
17:41:50 1358876
17:41:52 1358882
17:41:46 1358881
17:41:52 1358878
17:41:55 1358876
18:00:00 Exiting runsim
18:00:00 Exiting runsim
18:00:00 Exiting runsim
18:00:00 Exiting runsim
18:00:00 Exiting runsim
18:00:00 Exiting runsim
05:00:08 2281449
05:00:09 2281449
05:00:10 2281449
05:00:08 2281445
05:00:11 2281449
05:00:08 2281442
05:00:12 2281449
05:00:13 2281449
05:00:14 2281449
05:00:08 2281443
05:00:12 2281445
05:00:15 2281449
05:00:16 2281449
05:00:13 2281442
05:00:17 2281449
05:00:18 2281449
05:00:16 2281445
05:00:08 2281448
05:00:18 2281442
05:00:16 2281443
05:00:20 2281445
05:00:23 2281442
05:00:24 2281445
05:00:24 2281443
05:00:28 2281445
05:00:28 2281442
05:00:21 2281448
05:00:32 2281445
05:00:33 2281442
05:00:32 2281443
05:00:36 2281445
05:00:38 2281442
05:00:40 2281445
05:00:34 2281448
05:00:40 2281443
05:00:43 2281442
05:00:48 2281442
05:00:48 2281443
05:00:47 2281448
05:00:56 2281443
05:01:04 2281443
05:01:00 2281448
05:01:12 2281443
18:00:00 Exiting runsim
18:00:00 Exiting runsim
18:00:00 Exiting runsim
18:00:00 Exiting runsim
18:00:00 Exiting runsim
18:00:00 Exiting runsim
05:05:45 2281961
05:05:46 2281961
05:05:47 2281961
05:05:45 2281959
05:05:48 2281961
18:00:00 Exiting runsim
18:00:00 Exiting runsim
18:00:00 Exiting runsim
18:00:00 Exiting runsim
18:00:00 Exiting runsim
18:00:00 Exiting runsim
05:05:45 2281954
05:05:49 2281961
05:05:50 2281980
05:05:50 2281961
05:05:51 2281980
05:05:51 2281961
05:05:52 2281980
05:05:45 2281957
05:05:49 2281959
05:05:52 2281961
05:05:50 2281977
05:05:53 2281980
18:00:00 Exiting runsim
18:00:00 Exiting runsim
18:00:00 Exiting runsim
18:00:00 Exiting runsim
18:00:00 Exiting runsim
18:00:00 Exiting runsim
05:05:53 2281961
05:05:50 2281974
05:05:54 2281980
05:05:54 2281996
05:05:50 2281954
05:05:54 2281961
05:05:55 2281980
05:05:55 2281996
05:05:55 2281961
05:05:56 2281980
05:05:56 2281996
05:05:53 2281959
05:05:50 2281975
05:05:54 2281977
05:05:57 2281980
05:05:54 2281993
05:05:57 2281996
05:05:45 2281960
05:05:58 2281980
05:05:54 2281989
05:05:58 2281996
05:05:55 2281974
05:05:59 2281980
05:05:59 2281996
05:05:55 2281954
05:06:00 2281980
05:06:00 2281996
05:05:53 2281957
05:05:57 2281959
05:05:58 2281977
05:05:54 2281991
05:05:58 2281993
05:06:01 2281996
05:05:50 2281979
05:06:02 2281996
05:05:59 2281989
05:06:03 2281996
05:06:00 2281974
05:06:04 2281996
05:06:00 2281954
05:06:01 2281959
05:05:58 2281975
05:06:02 2281977
05:06:02 2281993
05:05:54 2281995
05:06:04 2281989
05:06:01 2281957
05:06:05 2281959
05:06:05 2281974
05:06:06 2281977
05:06:02 2281991
05:06:06 2281993
05:06:05 2281954
05:05:58 2281960
05:06:09 2281959
05:06:06 2281975
05:06:10 2281977
05:06:09 2281989
05:06:10 2281993
05:06:10 2281974
05:06:10 2281954
05:06:03 2281979
05:06:09 2281957
05:06:13 2281959
05:06:14 2281977
05:06:10 2281991
05:06:14 2281993
05:06:14 2281989
05:06:15 2281974
05:06:07 2281995
05:06:15 2281954
05:06:17 2281959
05:06:14 2281975
05:06:18 2281977
05:06:18 2281993
05:06:19 2281989
05:06:11 2281960
05:06:20 2281974
05:06:17 2281957
05:06:20 2281954
05:06:22 2281977
05:06:18 2281991
05:06:22 2281993
05:06:16 2281979
05:06:24 2281989
05:06:22 2281975
05:06:25 2281974
05:06:26 2281993
05:06:25 2281954
05:06:20 2281995
05:06:25 2281957
05:06:26 2281991
05:06:29 2281989
05:06:30 2281974
05:06:24 2281960
05:06:30 2281975
05:06:34 2281989
05:06:33 2281957
05:06:29 2281979
05:06:34 2281991
05:06:38 2281975
05:06:33 2281995
05:06:41 2281957
05:06:42 2281991
05:06:37 2281960
05:06:46 2281975
05:06:42 2281979
05:06:49 2281957
05:06:50 2281991
05:06:46 2281995
05:06:54 2281975
05:06:58 2281991
18:00:00 Exiting runsim
18:00:00 Exiting runsim
18:00:00 Exiting runsim
18:00:00 Exiting runsim
18:00:00 Exiting runsim
18:00:00 Exiting runsim
05:12:45 2282628
05:12:46 2282628
05:12:47 2282628
05:12:45 2282626
05:12:48 2282628
05:12:45 2282622
05:12:49 2282628
05:12:50 2282628
05:12:51 2282628
05:12:45 2282623
05:12:49 2282626
05:12:52 2282628
05:12:53 2282628
05:12:50 2282622
05:12:54 2282628
05:12:55 2282628
05:12:53 2282626
05:12:45 2282627
05:12:55 2282622
05:12:53 2282623
05:12:57 2282626
05:13:00 2282622
05:13:01 2282626
05:13:01 2282623
05:13:05 2282626
05:13:05 2282622
05:12:58 2282627
05:13:09 2282626
05:13:10 2282622
05:13:09 2282623
05:13:13 2282626
05:13:15 2282622
05:13:17 2282626
05:13:11 2282627
05:13:17 2282623
05:13:20 2282622
05:13:25 2282622
05:13:25 2282623
05:13:24 2282627
05:13:33 2282623
05:13:41 2282623
05:13:37 2282627
05:13:49 2282623
18:00:00 Exiting runsim
18:00:00 Exiting runsim
18:00:00 Exiting runsim
18:00:00 Exiting runsim
18:00:00 Exiting runsim
18:00:00 Exiting runsim
14:22:31 2355765
14:22:32 2355765
14:22:33 2355765
14:22:31 2355763
14:22:34 2355765
14:22:31 2355758
14:22:35 2355765
14:22:36 2355765
14:22:37 2355765
14:22:31 2355760
14:22:35 2355763
14:22:38 2355765
14:22:39 2355765
14:22:36 2355758
14:22:40 2355765
14:22:41 2355765
14:22:39 2355763
14:22:31 2355764
14:22:41 2355758
14:22:39 2355760
14:22:43 2355763
14:22:46 2355758
14:22:47 2355763
14:22:47 2355760
14:22:51 2355763
14:22:51 2355758
14:22:44 2355764
14:22:55 2355763
14:22:56 2355758
14:22:55 2355760
14:22:59 2355763
14:23:01 2355758
14:23:03 2355763
18:00:00 Exiting runsim
18:00:00 Exiting runsim
18:00:00 Exiting runsim
18:00:00 Exiting runsim
18:00:00 Exiting runsim
18:00:00 Exiting runsim
14:23:09 2355801
14:22:57 2355764
14:23:10 2355801
14:23:03 2355760
14:23:06 2355758
14:23:11 2355801
14:23:09 2355799
14:23:12 2355801
14:23:09 2355795
14:23:13 2355801
14:23:14 2355801
14:23:15 2355801
14:23:11 2355758
14:23:09 2355797
14:23:13 2355799
14:23:16 2355801
14:23:17 2355801
14:23:14 2355795
14:23:18 2355801
14:23:11 2355760
14:23:19 2355801
14:23:17 2355799
14:23:09 2355800
14:23:10 2355764
14:23:19 2355795
14:23:17 2355797
14:23:21 2355799
14:23:19 2355760
14:23:25 2355799
14:23:24 2355795
14:23:25 2355797
14:23:29 2355799
14:23:29 2355795
14:23:22 2355800
14:23:27 2355760
14:23:23 2355764
14:23:33 2355799
14:23:34 2355795
14:23:33 2355797
14:23:37 2355799
14:23:35 2355760
14:23:39 2355795
14:23:41 2355799
14:23:35 2355800
14:23:41 2355797
14:23:44 2355795
14:23:49 2355795
14:23:49 2355797
14:23:48 2355800
14:23:57 2355797
14:24:05 2355797
14:24:01 2355800
14:24:13 2355797
18:00:00 Exiting runsim
18:00:00 Exiting runsim
18:00:00 Exiting runsim
18:00:00 Exiting runsim
18:00:00 Exiting runsim
18:00:00 Exiting runsim
14:25:20 2355876
14:25:21 2355876
14:25:22 2355876
14:25:20 2355874
14:25:23 2355876
14:25:20 2355871
14:25:24 2355876
14:25:25 2355876
14:25:26 2355876
14:25:20 2355872
14:25:24 2355874
14:25:27 2355876
14:25:28 2355876
14:25:25 2355871
14:25:29 2355876
14:25:30 2355876
14:25:28 2355874
14:25:20 2355877
14:25:30 2355871
14:25:28 2355872
14:25:32 2355874
14:25:35 2355871
14:25:36 2355874
14:25:36 2355872
14:25:40 2355874
14:25:40 2355871
14:25:33 2355877
14:25:44 2355874
14:25:45 2355871
14:25:44 2355872
14:25:48 2355874
14:25:50 2355871
14:25:52 2355874
14:25:46 2355877
14:25:52 2355872
14:25:55 2355871
14:26:00 2355871
14:26:00 2355872
18:00:00 Exiting runsim
18:00:00 Exiting runsim
18:00:00 Exiting runsim
18:00:00 Exiting runsim
18:00:00 Exiting runsim
18:00:00 Exiting runsim
14:26:09 2355915
14:26:10 2355915
14:25:59 2355877
14:26:11 2355915
14:26:09 2355917
14:26:12 2355915
14:26:09 2355910
14:26:13 2355915
14:26:14 2355915
14:26:08 2355872
14:26:15 2355915
14:26:09 2355912
14:26:13 2355917
14:26:16 2355915
14:26:17 2355915
14:26:14 2355910
14:26:18 2355915
14:26:19 2355915
14:26:17 2355917
14:26:09 2355916
14:26:16 2355872
14:26:19 2355910
14:26:12 2355877
14:26:17 2355912
14:26:21 2355917
14:26:24 2355910
14:26:25 2355917
14:26:24 2355872
14:26:25 2355912
14:26:29 2355917
14:26:29 2355910
14:26:22 2355916
14:26:33 2355917
14:26:34 2355910
14:26:33 2355912
14:26:37 2355917
14:26:39 2355910
14:26:41 2355917
14:26:35 2355916
18:00:00 Exiting runsim
18:00:00 Exiting runsim
18:00:00 Exiting runsim
18:00:00 Exiting runsim
18:00:00 Exiting runsim
18:00:00 Exiting runsim
14:26:41 2355912
14:26:44 2355910
14:26:48 2355974
14:26:49 2355974
14:26:50 2355974
14:26:48 2355972
14:26:51 2355974
14:26:48 2355967
14:26:52 2355974
14:26:49 2355910
14:26:53 2355974
14:26:54 2355974
14:26:48 2355969
14:26:52 2355972
14:26:55 2355974
14:26:49 2355912
14:26:56 2355974
14:26:53 2355967
14:26:57 2355974
14:26:58 2355974
14:26:56 2355972
14:26:48 2355916
14:26:48 2355973
14:26:58 2355967
14:26:56 2355969
14:27:00 2355972
14:26:57 2355912
14:27:03 2355967
14:27:04 2355972
14:27:04 2355969
14:27:08 2355972
14:27:05 2355912
14:27:08 2355967
14:27:01 2355916
14:27:01 2355973
14:27:12 2355972
14:27:13 2355967
14:27:12 2355969
14:27:16 2355972
14:27:13 2355912
14:27:18 2355967
14:27:20 2355972
14:27:14 2355973
14:27:20 2355969
14:27:23 2355967
14:27:28 2355967
14:27:28 2355969
14:27:27 2355973
14:27:36 2355969
14:27:44 2355969
14:27:40 2355973
14:27:52 2355969
18:00:00 Exiting runsim
18:00:00 Exiting runsim
18:00:00 Exiting runsim
18:00:00 Exiting runsim
18:00:00 Exiting runsim
18:00:00 Exiting runsim
13:21:56 2393017
13:21:57 2393017
13:21:58 2393017
13:21:56 2393016
13:21:59 2393017
13:21:56 2393012
13:22:00 2393017
13:22:01 2393017
13:22:02 2393017
13:21:56 2393014
13:22:00 2393016
13:22:03 2393017
13:22:04 2393017
13:22:01 2393012
13:22:05 2393017
13:22:06 2393017
13:22:04 2393016
13:21:56 2393018
13:22:06 2393012
13:22:04 2393014
13:22:08 2393016
13:22:12 2393016
13:22:11 2393012
13:22:12 2393014
13:22:16 2393016
13:22:16 2393012
13:22:09 2393018
13:22:20 2393016
13:22:21 2393012
13:22:20 2393014
13:22:24 2393016
13:22:26 2393012
13:22:28 2393016
13:22:22 2393018
13:22:28 2393014
13:22:31 2393012
13:22:36 2393012
13:22:36 2393014
13:22:35 2393018
13:22:44 2393014
13:22:52 2393014
13:22:48 2393018
13:23:00 2393014
18:00:00 Exiting runsim
18:00:00 Exiting runsim
18:00:00 Exiting runsim
18:00:00 Exiting runsim
18:00:00 Exiting runsim
18:00:00 Exiting runsim
13:56:21 2393979
13:56:22 2393979
13:56:23 2393979
13:56:21 2393978
13:56:24 2393979
13:56:21 2393975
13:56:25 2393979
13:56:26 2393979
13:56:27 2393979
13:56:21 2393980
13:56:25 2393978
13:56:28 2393979
13:56:29 2393979
13:56:26 2393975
13:56:30 2393979
13:56:31 2393979
13:56:29 2393978
13:56:21 2393981
13:56:31 2393975
13:56:29 2393980
13:56:33 2393978
13:56:36 2393975
13:56:37 2393978
13:56:37 2393980
13:56:41 2393978
13:56:41 2393975
13:56:34 2393981
13:56:45 2393978
13:56:46 2393975
13:56:45 2393980
13:56:49 2393978
13:56:51 2393975
13:56:53 2393978
13:56:47 2393981
13:56:53 2393980
13:56:56 2393975
13:57:01 2393975
13:57:01 2393980
13:57:00 2393981
13:57:09 2393980
13:57:17 2393980
13:57:13 2393981
13:57:25 2393980
18:00:00 Exiting runsim
18:00:00 Exiting runsim
18:00:00 Exiting runsim
18:00:00 Exiting runsim
18:00:00 Exiting runsim
18:00:00 Exiting runsim
04:32:19 2421235
04:32:20 2421235
04:32:21 2421235
04:32:19 2421231
04:32:22 2421235
04:32:19 2421227
04:32:23 2421235
04:32:24 2421235
04:32:25 2421235
04:32:19 2421229
04:32:23 2421231
04:32:26 2421235
04:32:27 2421235
04:32:24 2421227
04:32:28 2421235
04:32:29 2421235
04:32:27 2421231
04:32:19 2421233
04:32:29 2421227
04:32:27 2421229
04:32:31 2421231
04:32:34 2421227
04:32:35 2421231
04:32:35 2421229
04:32:39 2421231
04:32:39 2421227
04:32:32 2421233
04:32:43 2421231
04:32:44 2421227
04:32:43 2421229
04:32:47 2421231
04:32:49 2421227
04:32:51 2421231
04:32:45 2421233
04:32:51 2421229
04:32:54 2421227
04:32:59 2421227
04:32:59 2421229
04:32:58 2421233
04:33:07 2421229
04:33:15 2421229
04:33:11 2421233
04:33:23 2421229
18:00:00 Exiting runsim
18:00:00 Exiting runsim
18:00:00 Exiting runsim
18:00:00 Exiting runsim
18:00:00 Exiting runsim
04:42:32 2421328
04:42:37 2421328
04:42:42 2421328
04:42:47 2421328
04:42:52 2421328
04:42:57 2421328
04:43:02 2421328
04:43:07 2421328
04:43:12 2421328
04:43:24 2421331
04:43:32 2421331
04:43:40 2421331
04:43:48 2421331
04:43:56 2421331
04:44:04 2421331
04:44:12 2421331
04:44:20 2421331
04:44:28 2421331
18:00:00 Exiting runsim
04:45:43 2421528
04:45:44 2421528
04:45:45 2421528
04:45:43 2421442
04:45:46 2421528
04:45:47 2421528
04:45:48 2421528
04:45:49 2421528
04:45:47 2421442
04:45:50 2421528
04:45:51 2421528
04:45:52 2421528
04:45:53 2421528
04:45:51 2421442
04:45:43 2421651
04:45:55 2421442
04:45:59 2421442
04:46:03 2421442
04:45:56 2421651
04:46:07 2421442
04:46:11 2421442
04:46:15 2421442
04:46:09 2421651
04:46:22 2421651
04:46:35 2421651
18:00:00 Exiting runsim
18:00:00 Exiting runsim
18:00:00 Exiting runsim
18:00:00 Exiting runsim
18:00:00 Exiting runsim
18:00:00 Exiting runsim
05:19:28 2422666
05:19:29 2422666
05:19:30 2422666
05:19:28 2422667
05:19:31 2422666
05:19:28 2422603
05:19:32 2422666
05:19:33 2422666
05:19:34 2422666
05:19:28 2422624
05:19:32 2422667
05:19:35 2422666
05:19:36 2422666
05:19:33 2422603
05:19:37 2422666
05:19:38 2422666
05:19:36 2422667
05:19:28 2422668
18:00:00 Exiting runsim
05:19:38 2422603
05:19:36 2422624
05:19:40 2422667
05:19:43 2422603
05:19:44 2422667
05:19:44 2422624
05:19:48 2422667
05:19:48 2422603
05:19:41 2422668
05:19:52 2422667
05:19:53 2422603
05:19:52 2422624
05:19:56 2422667
05:19:58 2422603
05:20:00 2422667
05:19:54 2422668
05:20:00 2422624
05:20:03 2422603
05:20:08 2422603
05:20:08 2422624
05:20:07 2422668
05:20:16 2422624
05:20:24 2422624
05:20:20 2422668
05:20:32 2422624
18:00:00 Exiting runsim
18:00:00 Exiting runsim
18:00:00 Exiting runsim
18:00:00 Exiting runsim
18:00:00 Exiting runsim
05:23:39 2422788
05:23:40 2422788
05:23:41 2422788
05:23:39 2422786
05:23:42 2422788
05:23:39 2422771
05:23:43 2422788
05:23:44 2422788
05:23:45 2422788
05:23:39 2422785
05:23:43 2422786
05:23:46 2422788
05:23:47 2422788
05:23:44 2422771
05:23:48 2422788
05:23:49 2422788
05:23:47 2422786
05:23:39 2422787
05:23:49 2422771
05:23:47 2422785
05:23:51 2422786
05:23:54 2422771
05:23:55 2422786
05:23:55 2422785
05:23:59 2422786
05:23:59 2422771
05:23:52 2422787
05:24:03 2422786
05:24:04 2422771
05:24:03 2422785
05:24:07 2422786
05:24:09 2422771
05:24:11 2422786
05:24:05 2422787
05:24:11 2422785
05:24:14 2422771
05:24:19 2422771
05:24:19 2422785
05:24:18 2422787
05:24:27 2422785
05:24:35 2422785
05:24:31 2422787
05:24:43 2422785
18:00:00 Exiting runsim
18:00:00 Exiting runsim
18:00:00 Exiting runsim
18:00:00 Exiting runsim
18:00:00 Exiting runsim
18:00:00 Exiting runsim
05:27:05 2422915
05:27:06 2422915
05:27:07 2422915
05:27:05 2422914
05:27:08 2422915
05:27:05 2422913
05:27:09 2422915
05:27:10 2422915
05:27:11 2422915
05:27:05 2422912
05:27:09 2422914
05:27:12 2422915
05:27:13 2422915
05:27:10 2422913
05:27:14 2422915
05:27:15 2422915
05:27:13 2422914
05:27:05 2422916
05:27:15 2422913
05:27:13 2422912
05:27:17 2422914
05:27:20 2422913
05:27:21 2422914
05:27:21 2422912
05:27:25 2422914
05:27:25 2422913
05:27:18 2422916
05:27:29 2422914
05:27:30 2422913
05:27:29 2422912
05:27:33 2422914
05:27:35 2422913
05:27:37 2422914
05:27:31 2422916
05:27:37 2422912
05:27:40 2422913
05:27:45 2422913
05:27:45 2422912
05:27:44 2422916
05:27:53 2422912
05:28:01 2422912
05:27:57 2422916
05:28:09 2422912
18:00:00 Exiting runsim
18:00:00 Exiting runsim
18:00:00 Exiting runsim
18:00:00 Exiting runsim
18:00:00 Exiting runsim
18:00:00 Exiting runsim
05:32:07 2423146
05:32:08 2423146
05:32:09 2423146
05:32:07 2423144
05:32:10 2423146
05:32:07 2423112
05:32:11 2423146
05:32:12 2423146
05:32:13 2423146
05:32:07 2423145
05:32:11 2423144
05:32:14 2423146
05:32:15 2423146
05:32:12 2423112
05:32:16 2423146
05:32:17 2423146
05:32:15 2423144
05:32:07 2423147
05:32:17 2423112
05:32:15 2423145
05:32:19 2423144
05:32:22 2423112
05:32:23 2423144
05:32:23 2423145
05:32:27 2423144
05:32:27 2423112
05:32:20 2423147
05:32:31 2423144
05:32:32 2423112
05:32:31 2423145
05:32:35 2423144
05:32:37 2423112
05:32:39 2423144
05:32:33 2423147
05:32:39 2423145
05:32:42 2423112
05:32:47 2423112
05:32:47 2423145
05:32:46 2423147
05:32:55 2423145
05:33:03 2423145
05:32:59 2423147
05:33:11 2423145
18:00:00 Exiting runsim
18:00:00 Exiting runsim
18:00:00 Exiting runsim
18:00:00 Exiting runsim
18:00:00 Exiting runsim
18:00:00 Exiting runsim
13:01:38 2436335
13:01:39 2436335
13:01:40 2436335
13:01:38 2436334
13:01:41 2436335
13:01:38 2436317
13:01:42 2436335
13:01:43 2436335
13:01:44 2436335
13:01:38 2436333
13:01:42 2436334
13:01:45 2436335
13:01:46 2436335
13:01:43 2436317
13:01:47 2436335
18:00:00 Exiting runsim
13:01:48 2436335
13:01:46 2436334
13:01:38 2436336
13:01:48 2436317
13:01:46 2436333
13:01:50 2436334
13:01:53 2436317
13:01:54 2436334
13:01:54 2436333
13:01:58 2436334
13:01:58 2436317
13:01:51 2436336
13:02:02 2436334
13:02:03 2436317
18:00:00 Exiting runsim
18:00:00 Exiting runsim
18:00:00 Exiting runsim
18:00:00 Exiting runsim
18:00:00 Exiting runsim
13:02:02 2436333
13:02:06 2436334
13:02:10 2436363
13:02:11 2436363
13:02:12 2436363
13:02:08 2436317
13:02:10 2436358
13:02:13 2436363
13:02:10 2436334
13:02:10 2436360
13:02:14 2436363
13:02:15 2436363
13:02:16 2436363
13:02:04 2436336
13:02:10 2436359
13:02:14 2436358
13:02:17 2436363
13:02:10 2436333
13:02:13 2436317
18:00:00 Exiting runsim
13:02:18 2436363
13:02:15 2436360
13:02:19 2436363
13:02:20 2436363
13:02:18 2436358
13:02:10 2436362
13:02:18 2436317
13:02:20 2436360
13:02:18 2436359
13:02:22 2436358
13:02:18 2436333
18:00:00 Exiting runsim
18:00:00 Exiting runsim
18:00:00 Exiting runsim
18:00:00 Exiting runsim
18:00:00 Exiting runsim
13:02:25 2436360
13:02:26 2436358
13:02:17 2436336
13:02:30 2436382
13:02:31 2436382
13:02:32 2436382
13:02:30 2436380
13:02:33 2436382
13:02:26 2436359
13:02:30 2436358
13:02:26 2436333
13:02:30 2436379
13:02:34 2436382
13:02:30 2436360
13:02:35 2436382
13:02:23 2436362
13:02:36 2436382
13:02:30 2436381
13:02:34 2436380
13:02:37 2436382
13:02:34 2436358
13:02:38 2436382
13:02:35 2436379
13:02:39 2436382
13:02:35 2436360
13:02:40 2436382
13:02:38 2436380
13:02:34 2436359
13:02:38 2436358
13:02:34 2436333
13:02:30 2436383
13:02:30 2436336
13:02:40 2436379
13:02:40 2436360
13:02:38 2436381
13:02:42 2436380
13:02:42 2436358
13:02:36 2436362
13:02:45 2436379
13:02:46 2436380
13:02:42 2436359
13:02:45 2436360
13:02:42 2436333
13:02:46 2436381
13:02:50 2436380
13:02:50 2436379
13:02:50 2436360
13:02:43 2436383
13:02:54 2436380
13:02:50 2436359
13:02:55 2436379
13:02:54 2436381
13:02:58 2436380
13:02:49 2436362
13:03:00 2436379
13:03:02 2436380
13:02:58 2436359
13:02:56 2436383
13:03:02 2436381
13:03:05 2436379
13:03:06 2436359
13:03:10 2436379
13:03:02 2436362
13:03:10 2436381
13:03:09 2436383
13:03:14 2436359
13:03:18 2436381
13:03:26 2436381
13:03:22 2436383
13:03:34 2436381
18:00:00 Exiting runsim
18:00:00 Exiting runsim
18:00:00 Exiting runsim
18:00:00 Exiting runsim
18:00:00 Exiting runsim
18:00:00 Exiting runsim
13:11:44 2436621
13:11:49 2436621
13:11:54 2436621
13:11:59 2436621
13:12:04 2436621
13:12:09 2436621
13:12:14 2436621
13:12:19 2436621
13:12:24 2436621
13:12:29 2436622
13:12:40 2436625
13:12:41 2436625
13:12:42 2436625
13:12:40 2436623
13:12:43 2436625
13:12:37 2436622
13:12:44 2436625
13:12:45 2436625
13:12:46 2436625
13:12:44 2436623
13:12:47 2436625
18:00:00 Exiting runsim
18:00:00 Exiting runsim
18:00:00 Exiting runsim
18:00:00 Exiting runsim
18:00:00 Exiting runsim
18:00:00 Exiting runsim
13:12:48 2436625
13:12:49 2436625
13:12:50 2436625
13:12:48 2436623
13:12:45 2436622
13:12:40 2436624
13:12:48 2436676
13:12:52 2436623
13:12:53 2436676
13:12:56 2436623
13:12:53 2436622
13:12:58 2436676
13:13:00 2436623
13:12:53 2436624
13:13:04 2436623
13:13:03 2436676
13:13:01 2436622
13:13:08 2436623
13:13:08 2436676
13:13:12 2436623
13:13:09 2436622
13:13:13 2436676
13:13:06 2436624
13:13:18 2436676
13:13:17 2436622
13:13:23 2436676
13:13:19 2436624
13:13:25 2436622
13:13:28 2436676
13:13:33 2436622
13:13:33 2436677
13:13:32 2436624
13:13:41 2436677
13:13:49 2436677
13:13:57 2436677
13:14:05 2436677
13:14:13 2436677
13:14:21 2436677
13:14:29 2436677
13:14:37 2436677
13:14:45 2436678
13:14:49 2436678
13:14:53 2436678
13:14:57 2436678
13:15:01 2436678
13:15:05 2436678
13:15:09 2436678
13:15:13 2436678
13:15:17 2436678
13:15:21 2436679
13:15:34 2436679
13:15:47 2436679
13:16:00 2436679
13:16:13 2436679
13:16:26 2436680
13:16:27 2436680
13:16:28 2436680
13:16:29 2436680
13:16:30 2436680
13:16:31 2436680
13:16:32 2436680
13:16:33 2436680
13:16:34 2436680
13:16:35 2436680
13:16:36 2436680
18:00:00 Exiting runsim
18:00:00 Exiting runsim
18:00:00 Exiting runsim
18:00:00 Exiting runsim
18:00:00 Exiting runsim
18:00:00 Exiting runsim
15:42:04 2440511
15:42:09 2440511
15:42:14 2440511
15:42:19 2440511
15:42:24 2440511
15:42:29 2440511
15:42:34 2440511
15:42:39 2440511
15:42:44 2440511
15:42:49 2440512
15:42:57 2440512
15:43:05 2440512
15:43:13 2440515
15:43:14 2440515
15:43:15 2440515
15:43:13 2440513
15:43:16 2440515
15:43:17 2440515
15:43:18 2440515
15:43:19 2440515
15:43:13 2440512
15:43:17 2440513
15:43:20 2440515
15:43:21 2440515
15:43:22 2440515
15:43:23 2440515
15:43:21 2440513
15:43:13 2440514
18:00:00 Exiting runsim
18:00:00 Exiting runsim
18:00:00 Exiting runsim
18:00:00 Exiting runsim
18:00:00 Exiting runsim
18:00:00 Exiting runsim
15:43:21 2440512
15:43:25 2440513
15:43:27 2440574
15:43:29 2440513
15:43:29 2440512
15:43:32 2440574
15:43:33 2440513
15:43:26 2440514
15:43:37 2440513
15:43:37 2440574
15:43:37 2440512
15:43:41 2440513
15:43:42 2440574
15:43:45 2440513
15:43:47 2440574
15:43:39 2440514
15:43:45 2440512
15:43:52 2440574
15:43:53 2440512
15:43:57 2440574
15:43:52 2440514
15:44:02 2440574
15:44:07 2440574
15:44:05 2440514
15:44:12 2440575
15:44:20 2440575
15:44:28 2440575
15:44:36 2440575
15:44:44 2440575
15:44:52 2440575
15:45:00 2440575
15:45:08 2440575
15:45:16 2440575
15:45:24 2440576
15:45:28 2440576
15:45:32 2440576
15:45:36 2440576
15:45:40 2440576
15:45:44 2440576
15:45:48 2440576
15:45:52 2440576
15:45:56 2440576
15:46:00 2440577
15:46:13 2440577
15:46:26 2440577
15:46:39 2440577
15:46:55 2440578
15:46:56 2440578
15:46:57 2440578
15:46:58 2440578
15:46:59 2440578
15:47:00 2440578
15:47:01 2440578
15:47:02 2440578
15:47:03 2440578
15:47:04 2440578
15:46:52 2440577
15:47:05 2440578
18:00:00 Exiting runsim
18:00:00 Exiting runsim
18:00:00 Exiting runsim
18:00:00 Exiting runsim
18:00:00 Exiting runsim
18:00:00 Exiting runsim
15:47:33 2440721
15:47:38 2440721
15:47:43 2440721
15:47:48 2440721
15:47:53 2440721
15:47:58 2440721
15:48:03 2440721
15:48:08 2440721
15:48:13 2440721
15:48:18 2440722
15:48:27 2440725
15:48:28 2440725
15:48:29 2440725
15:48:27 2440723
15:48:30 2440725
15:48:31 2440725
15:48:32 2440725
15:48:26 2440722
15:48:33 2440725
15:48:31 2440723
15:48:34 2440725
15:48:35 2440725
15:48:36 2440725
15:48:37 2440725
15:48:35 2440723
15:48:27 2440724
15:48:34 2440722
15:48:39 2440723
15:48:43 2440723
15:48:42 2440722
15:48:47 2440723
15:48:40 2440724
15:48:51 2440723
15:48:50 2440722
15:48:55 2440723
15:48:59 2440723
15:48:58 2440722
15:48:53 2440724
15:49:06 2440722
15:49:06 2440724
15:49:14 2440722
15:49:22 2440722
15:49:19 2440724
18:00:00 Exiting runsim
18:00:00 Exiting runsim
18:00:00 Exiting runsim
18:00:00 Exiting runsim
18:00:00 Exiting runsim
18:00:00 Exiting runsim
15:54:27 2440907
15:54:32 2440907
15:54:37 2440907
15:54:43 2440911
15:54:44 2440911
15:54:45 2440911
15:54:43 2440909
15:54:46 2440911
15:54:42 2440907
15:54:47 2440911
15:54:48 2440911
15:54:49 2440911
15:54:43 2440908
15:54:47 2440909
15:54:50 2440911
15:54:51 2440911
15:54:47 2440907
15:54:52 2440911
15:54:53 2440911
15:54:51 2440909
15:54:43 2440910
15:54:52 2440907
15:54:51 2440908
15:54:55 2440909
15:54:57 2440907
15:54:59 2440909
15:54:59 2440908
15:55:03 2440909
15:55:02 2440907
15:54:56 2440910
15:55:07 2440909
15:55:07 2440907
15:55:07 2440908
15:55:11 2440909
15:55:15 2440909
15:55:09 2440910
15:55:15 2440908
15:55:23 2440908
15:55:22 2440910
15:55:31 2440908
15:55:39 2440908
15:55:35 2440910
15:55:47 2440908
18:00:00 Exiting runsim
18:00:00 Exiting runsim
18:00:00 Exiting runsim
18:00:00 Exiting runsim
18:00:00 Exiting runsim
18:00:00 Exiting runsim
04:27:36 2466040
04:27:41 2466040
04:27:46 2466040
04:27:51 2466040
04:27:56 2466040
04:28:01 2466040
04:28:06 2466040
04:28:11 2466040
04:28:16 2466040
04:28:21 2466041
04:28:29 2466041
04:28:37 2466041
04:28:45 2466041
04:28:53 2466041
04:29:01 2466041
04:29:11 2466042
04:29:09 2466041
04:29:15 2466042
04:29:19 2466042
04:29:17 2466041
04:29:23 2466042
04:29:27 2466042
04:29:25 2466041
04:29:33 2466044
04:29:34 2466044
04:29:31 2466042
04:29:35 2466044
04:29:36 2466044
04:29:37 2466044
04:29:38 2466044
04:29:35 2466042
04:29:39 2466044
04:29:40 2466044
04:29:41 2466044
04:29:42 2466044
04:29:39 2466042
04:29:31 2466043
04:29:43 2466044
04:29:43 2466042
04:29:44 2466043
04:29:57 2466043
04:30:10 2466043
04:30:23 2466043
18:00:00 Exiting runsim
18:00:00 Exiting runsim
18:00:00 Exiting runsim
18:00:00 Exiting runsim
18:00:00 Exiting runsim
18:00:00 Exiting runsim
04:30:43 2466139
04:30:43 2466134
04:30:43 2466136
04:30:47 2466139
04:30:48 2466134
04:30:51 2466139
04:30:53 2466134
04:30:51 2466136
04:30:55 2466139
04:30:58 2466134
04:30:59 2466139
04:30:59 2466136
04:31:03 2466139
04:31:03 2466134
04:31:07 2466139
04:31:08 2466134
04:31:07 2466136
04:31:11 2466139
04:31:13 2466134
04:31:15 2466139
04:31:15 2466136
04:31:18 2466134
04:31:23 2466134
04:31:28 2466141
04:31:29 2466141
04:31:23 2466136
04:31:30 2466141
04:31:31 2466141
04:31:19 2466140
04:31:32 2466141
04:31:33 2466141
04:31:34 2466141
04:31:35 2466141
04:31:36 2466141
04:31:37 2466141
04:31:31 2466136
04:31:38 2466141
04:31:32 2466140
04:31:39 2466136
04:31:47 2466136
04:31:45 2466140
04:31:58 2466140
04:32:11 2466140
18:00:00 Exiting runsim
18:00:00 Exiting runsim
18:00:00 Exiting runsim
18:00:00 Exiting runsim
18:00:00 Exiting runsim
18:00:00 Exiting runsim
04:34:17 2466248
04:34:18 2466248
04:34:19 2466248
04:34:17 2466246
04:34:20 2466248
04:34:17 2466241
04:34:21 2466248
04:34:22 2466248
04:34:23 2466248
04:34:17 2466243
04:34:21 2466246
04:34:24 2466248
04:34:25 2466248
04:34:22 2466241
04:34:26 2466248
04:34:27 2466248
04:34:25 2466246
04:34:17 2466247
04:34:27 2466241
04:34:25 2466243
04:34:29 2466246
04:34:32 2466241
04:34:33 2466246
04:34:33 2466243
04:34:37 2466246
04:34:37 2466241
04:34:30 2466247
04:34:41 2466246
04:34:42 2466241
04:34:41 2466243
04:34:45 2466246
04:34:47 2466241
04:34:49 2466246
04:34:43 2466247
04:34:49 2466243
04:34:52 2466241
04:34:57 2466241
04:34:57 2466243
04:34:56 2466247
04:35:05 2466243
04:35:13 2466243
04:35:09 2466247
04:35:21 2466243
18:00:00 Exiting runsim
18:00:00 Exiting runsim
18:00:00 Exiting runsim
18:00:00 Exiting runsim
18:00:00 Exiting runsim
18:00:00 Exiting runsim
04:47:03 2466593
04:47:04 2466593
04:47:05 2466593
04:47:03 2466591
04:47:06 2466593
04:47:03 2466589
04:47:07 2466593
04:47:08 2466593
04:47:09 2466593
04:47:03 2466590
04:47:07 2466591
04:47:10 2466593
04:47:11 2466593
04:47:08 2466589
04:47:12 2466593
04:47:13 2466593
04:47:11 2466591
04:47:03 2466592
04:47:13 2466589
04:47:11 2466590
04:47:15 2466591
04:47:18 2466589
04:47:19 2466591
04:47:19 2466590
04:47:23 2466591
04:47:23 2466589
04:47:16 2466592
04:47:27 2466591
04:47:28 2466589
04:47:27 2466590
04:47:31 2466591
04:47:33 2466589
04:47:35 2466591
04:47:29 2466592
04:47:35 2466590
04:47:38 2466589
04:47:43 2466589
04:47:43 2466590
04:47:42 2466592
04:47:51 2466590
04:47:59 2466590
04:47:55 2466592
04:48:07 2466590
18:00:00 Exiting runsim
18:00:00 Exiting runsim
18:00:00 Exiting runsim
18:00:00 Exiting runsim
18:00:00 Exiting runsim
18:00:00 Exiting runsim
04:49:17 2466661
04:49:18 2466661
04:49:19 2466661
04:49:17 2466660
04:49:20 2466661
04:49:17 2466658
04:49:21 2466661
04:49:22 2466661
04:49:23 2466661
04:49:17 2466659
04:49:21 2466660
04:49:24 2466661
04:49:25 2466661
04:49:22 2466658
04:49:26 2466661
04:49:27 2466661
04:49:25 2466660
04:49:17 2466662
04:49:27 2466658
04:49:25 2466659
04:49:29 2466660
04:49:32 2466658
04:49:33 2466660
04:49:33 2466659
04:49:37 2466660
04:49:37 2466658
04:49:30 2466662
04:49:41 2466660
04:49:42 2466658
04:49:41 2466659
04:49:45 2466660
04:49:47 2466658
04:49:49 2466660
04:49:43 2466662
04:49:49 2466659
04:49:52 2466658
04:49:57 2466658
04:49:57 2466659
04:49:56 2466662
04:50:05 2466659
04:50:13 2466659
04:50:09 2466662
04:50:21 2466659
18:00:00 Exiting runsim
18:00:00 Exiting runsim
18:00:00 Exiting runsim
18:00:00 Exiting runsim
18:00:00 Exiting runsim
18:00:00 Exiting runsim
05:24:46 2503576
05:24:47 2503576
05:24:48 2503576
05:24:46 2503573
05:24:49 2503576
05:24:46 2503570
05:24:50 2503576
05:24:51 2503576
05:24:52 2503576
05:24:46 2503572
05:24:50 2503573
05:24:53 2503576
05:24:54 2503576
05:24:51 2503570
05:24:55 2503576
05:24:56 2503576
05:24:54 2503573
05:24:46 2503575
05:24:56 2503570
05:24:54 2503572
05:24:58 2503573
05:25:01 2503570
05:25:02 2503573
05:25:02 2503572
05:25:06 2503573
05:25:06 2503570
05:24:59 2503575
05:25:10 2503573
18:00:00 Exiting runsim
18:00:00 Exiting runsim
18:00:00 Exiting runsim
18:00:00 Exiting runsim
18:00:00 Exiting runsim
18:00:00 Exiting runsim
05:25:11 2503570
05:25:15 2503595
05:25:16 2503595
05:25:10 2503572
05:25:14 2503573
05:25:17 2503595
05:25:15 2503594
05:25:18 2503595
05:25:15 2503588
05:25:19 2503595
05:25:16 2503570
05:25:20 2503595
05:25:18 2503573
05:25:21 2503595
05:25:15 2503591
05:25:19 2503594
05:25:22 2503595
05:25:23 2503595
05:25:12 2503575
05:25:20 2503588
05:25:24 2503595
05:25:18 2503572
05:25:21 2503570
05:25:25 2503595
05:25:23 2503594
05:25:15 2503593
05:25:25 2503588
05:25:26 2503570
05:25:23 2503591
05:25:27 2503594
05:25:26 2503572
05:25:30 2503588
05:25:31 2503594
05:25:25 2503575
05:25:31 2503591
05:25:35 2503594
05:25:35 2503588
05:25:28 2503593
05:25:34 2503572
05:25:39 2503594
05:25:40 2503588
05:25:39 2503591
05:25:43 2503594
05:25:42 2503572
05:25:45 2503588
05:25:38 2503575
05:25:47 2503594
05:25:41 2503593
05:25:47 2503591
05:25:50 2503588
05:25:50 2503572
05:25:55 2503588
05:25:55 2503591
05:25:54 2503593
05:26:03 2503591
05:26:11 2503591
05:26:07 2503593
05:26:19 2503591
